<?xml version="1.0" encoding="UTF-8"?>
<!-- Generated by org.testng.reporters.JUnitXMLReporter -->
<testsuite hostname="ZpeedX" ignored="0" tests="11" failures="0" timestamp="08 mar 2018 20:08:59 GMT" time="64.508" errors="0">
  <testcase name="testRegisterLink" time="0.317" classname="RunTests"/>
  <testcase name="testRegister" time="9.3" classname="RunTests"/>
  <testcase name="testLogout" time="0.42" classname="RunTests"/>
  <testcase name="testLogin" time="1.45" classname="RunTests"/>
  <testcase name="testParticipantLinks" time="0.731" classname="RunTests"/>
  <testcase name="testApplyPage" time="23.936" classname="RunTests"/>
  <testcase name="testParticipantLogout" time="1.667" classname="RunTests"/>
  <testcase name="testRecruiterLogin" time="0.706" classname="RunTests"/>
  <testcase name="testRecruiterLinks" time="1.047" classname="RunTests"/>
  <testcase name="testApplicationsPage" time="4.83" classname="RunTests"/>
  <testcase name="testAppOverviewPage" time="12.688" classname="RunTests"/>
</testsuite>
