<?xml version="1.0" encoding="UTF-8"?>
<!-- Generated by org.testng.reporters.JUnitXMLReporter -->
<testsuite hostname="ZpeedX" ignored="0" tests="11" failures="0" timestamp="08 mar 2018 20:07:54 GMT" time="88.724" errors="0">
  <testcase name="testRegisterLink" time="8.931" classname="RunTests"/>
  <testcase name="testRegister" time="9.617" classname="RunTests"/>
  <testcase name="testLogout" time="0.243" classname="RunTests"/>
  <testcase name="testLogin" time="1.431" classname="RunTests"/>
  <testcase name="testParticipantLinks" time="17.753" classname="RunTests"/>
  <testcase name="testApplyPage" time="15.203" classname="RunTests"/>
  <testcase name="testParticipantLogout" time="1.282" classname="RunTests"/>
  <testcase name="testRecruiterLogin" time="0.706" classname="RunTests"/>
  <testcase name="testRecruiterLinks" time="0.788" classname="RunTests"/>
  <testcase name="testApplicationsPage" time="3.983" classname="RunTests"/>
  <testcase name="testAppOverviewPage" time="11.253" classname="RunTests"/>
</testsuite>
