<?xml version="1.0" encoding="UTF-8"?>
<!-- Generated by org.testng.reporters.JUnitXMLReporter -->
<testsuite hostname="ZpeedX" ignored="0" tests="12" failures="0" timestamp="11 mar 2018 00:36:41 GMT" time="68.968" errors="0">
  <testcase name="testRegisterLink" time="0.317" classname="RunTests"/>
  <testcase name="testRegister" time="11.009" classname="RunTests"/>
  <testcase name="testLogout" time="1.291" classname="RunTests"/>
  <testcase name="testLogin" time="1.594" classname="RunTests"/>
  <testcase name="testParticipantLinks" time="0.727" classname="RunTests"/>
  <testcase name="testApplyPage" time="13.558" classname="RunTests"/>
  <testcase name="testParticipantLogout" time="2.411" classname="RunTests"/>
  <testcase name="testRecruiterLogin" time="3.673" classname="RunTests"/>
  <testcase name="testRecruiterLinks" time="3.848" classname="RunTests"/>
  <testcase name="testApplicationsPage" time="12.89" classname="RunTests"/>
  <testcase name="testAppOverviewPage" time="11.991" classname="RunTests"/>
  <testcase name="testRecruiterLogout" time="1.239" classname="RunTests"/>
</testsuite>
