<?xml version="1.0" encoding="UTF-8"?>
<!-- Generated by org.testng.reporters.JUnitXMLReporter -->
<testsuite hostname="ZpeedX" ignored="0" tests="12" failures="0" timestamp="11 mar 2018 00:36:47 GMT" time="75.003" errors="0">
  <testcase name="testRegisterLink" time="0.3" classname="RunTests"/>
  <testcase name="testRegister" time="10.072" classname="RunTests"/>
  <testcase name="testLogout" time="1.531" classname="RunTests"/>
  <testcase name="testLogin" time="1.716" classname="RunTests"/>
  <testcase name="testParticipantLinks" time="0.812" classname="RunTests"/>
  <testcase name="testApplyPage" time="18.625" classname="RunTests"/>
  <testcase name="testParticipantLogout" time="2.875" classname="RunTests"/>
  <testcase name="testRecruiterLogin" time="3.797" classname="RunTests"/>
  <testcase name="testRecruiterLinks" time="3.649" classname="RunTests"/>
  <testcase name="testApplicationsPage" time="12.041" classname="RunTests"/>
  <testcase name="testAppOverviewPage" time="13.304" classname="RunTests"/>
  <testcase name="testRecruiterLogout" time="1.453" classname="RunTests"/>
</testsuite>
